mode: set
QuickCertS/configs/local_share.go:64.13,65.15 1 1
QuickCertS/configs/local_share.go:65.15,66.35 1 1
QuickCertS/configs/local_share.go:66.35,69.4 2 0
QuickCertS/configs/local_share.go:74.2,76.84 2 1
QuickCertS/configs/local_share.go:76.84,77.13 1 0
QuickCertS/configs/local_share.go:80.2,80.82 1 1
QuickCertS/configs/local_share.go:80.82,81.13 1 0
QuickCertS/configs/local_share.go:84.2,84.85 1 1
QuickCertS/configs/local_share.go:84.85,85.13 1 0
QuickCertS/configs/local_share.go:88.2,88.82 1 1
QuickCertS/configs/local_share.go:88.82,89.13 1 0
QuickCertS/configs/local_share.go:92.2,92.13 1 1
QuickCertS/configs/local_share.go:92.13,94.3 1 1
QuickCertS/configs/local_share.go:95.2,95.14 1 1
QuickCertS/configs/local_share.go:98.31,99.77 1 1
QuickCertS/configs/local_share.go:99.77,100.74 1 1
QuickCertS/configs/local_share.go:104.30,105.42 1 1
QuickCertS/configs/local_share.go:105.42,106.73 1 1
QuickCertS/configs/local_share.go:110.34,111.64 1 1
QuickCertS/configs/local_share.go:112.49,112.49 0 1
QuickCertS/configs/local_share.go:113.10,114.92 1 1
QuickCertS/configs/local_share.go:118.33,119.46 1 1
QuickCertS/configs/local_share.go:119.46,120.69 1 1
QuickCertS/configs/local_share.go:124.37,125.67 1 1
QuickCertS/configs/local_share.go:126.31,126.31 0 1
QuickCertS/configs/local_share.go:127.10,128.92 1 1
QuickCertS/configs/local_share.go:132.23,133.36 1 1
QuickCertS/configs/local_share.go:133.36,134.59 1 1
QuickCertS/configs/local_share.go:138.29,139.42 1 1
QuickCertS/configs/local_share.go:139.42,140.65 1 1
QuickCertS/configs/local_share.go:144.25,145.54 1 1
QuickCertS/configs/local_share.go:146.41,146.41 0 1
QuickCertS/configs/local_share.go:147.10,148.100 1 1
QuickCertS/configs/local_share.go:152.29,153.34 1 1
QuickCertS/configs/local_share.go:153.34,154.58 1 1
QuickCertS/configs/local_share.go:158.33,159.55 1 1
QuickCertS/configs/local_share.go:160.41,160.41 0 1
QuickCertS/configs/local_share.go:161.10,162.89 1 1
QuickCertS/configs/local_share.go:166.19,177.2 10 1
QuickCertS/configs/local_share.go:180.28,181.54 1 1
QuickCertS/configs/local_share.go:181.54,183.3 1 0
QuickCertS/configs/local_share.go:185.2,185.6 1 1
QuickCertS/configs/local_share.go:185.6,186.55 1 1
QuickCertS/configs/local_share.go:186.55,187.9 1 1
QuickCertS/configs/local_share.go:190.3,190.40 1 1
QuickCertS/configs/local_share.go:190.40,191.55 1 0
QuickCertS/configs/local_share.go:194.3,195.17 2 1
QuickCertS/configs/local_share.go:195.17,196.55 1 0
QuickCertS/configs/local_share.go:199.3,199.18 1 1
QuickCertS/configs/local_share.go:199.18,200.37 1 0
QuickCertS/configs/local_share.go:204.2,206.13 3 1
QuickCertS/utils/control.go:12.43,20.45 7 1
QuickCertS/utils/control.go:20.45,22.3 1 0
QuickCertS/utils/control.go:24.2,24.52 1 0
QuickCertS/utils/control.go:28.28,29.54 1 1
QuickCertS/utils/control.go:29.54,31.3 1 0
QuickCertS/utils/control.go:33.2,33.6 1 1
QuickCertS/utils/control.go:33.6,34.55 1 1
QuickCertS/utils/control.go:34.55,35.9 1 1
QuickCertS/utils/control.go:38.3,38.40 1 1
QuickCertS/utils/control.go:38.40,39.55 1 0
QuickCertS/utils/control.go:42.3,43.17 2 1
QuickCertS/utils/control.go:43.17,44.55 1 0
QuickCertS/utils/control.go:47.3,47.18 1 1
QuickCertS/utils/control.go:47.18,48.37 1 0
QuickCertS/utils/control.go:52.2,54.13 3 1
QuickCertS/utils/key_tools.go:22.13,25.16 3 1
QuickCertS/utils/key_tools.go:25.16,26.54 1 0
QuickCertS/utils/key_tools.go:31.35,34.16 3 1
QuickCertS/utils/key_tools.go:34.16,36.3 1 0
QuickCertS/utils/key_tools.go:37.2,41.110 4 1
QuickCertS/utils/key_tools.go:45.47,49.16 3 1
QuickCertS/utils/key_tools.go:49.16,51.3 1 0
QuickCertS/utils/key_tools.go:53.2,55.17 3 1
QuickCertS/utils/key_tools.go:59.50,62.16 2 1
QuickCertS/utils/key_tools.go:62.16,64.3 1 0
QuickCertS/utils/key_tools.go:66.2,68.16 2 1
QuickCertS/utils/key_tools.go:68.16,70.3 1 0
QuickCertS/utils/key_tools.go:72.2,72.22 1 1
QuickCertS/utils/key_tools.go:76.69,78.18 2 1
QuickCertS/utils/key_tools.go:78.18,80.3 1 0
QuickCertS/utils/key_tools.go:82.2,83.16 2 1
QuickCertS/utils/key_tools.go:83.16,85.3 1 0
QuickCertS/utils/key_tools.go:87.2,88.9 2 1
QuickCertS/utils/key_tools.go:88.9,90.3 1 0
QuickCertS/utils/key_tools.go:92.2,92.24 1 1
QuickCertS/utils/key_tools.go:96.87,97.37 1 1
QuickCertS/utils/key_tools.go:98.17,100.32 2 1
QuickCertS/utils/key_tools.go:101.17,103.32 2 1
QuickCertS/utils/key_tools.go:104.17,106.32 2 1
QuickCertS/utils/key_tools.go:107.18,110.42 3 1
QuickCertS/utils/key_tools.go:111.18,114.42 3 1
QuickCertS/utils/key_tools.go:115.18,118.42 3 1
QuickCertS/utils/key_tools.go:119.10,122.32 2 1
QuickCertS/utils/key_tools.go:127.94,137.16 4 1
QuickCertS/utils/key_tools.go:137.16,139.3 1 0
QuickCertS/utils/key_tools.go:141.2,141.23 1 1
QuickCertS/utils/logger.go:23.19,27.16 3 0
QuickCertS/utils/logger.go:27.16,29.3 1 0
QuickCertS/utils/logger.go:31.2,38.16 2 0
QuickCertS/utils/logger.go:38.16,40.3 1 0
QuickCertS/utils/logger.go:42.2,44.58 2 0
QuickCertS/utils/logger.go:45.14,52.4 1 0
QuickCertS/utils/logger.go:53.14,54.14 1 0
QuickCertS/utils/logger.go:55.10,62.4 1 0
QuickCertS/utils/logger.go:65.2,69.3 1 0
QuickCertS/utils/logger.go:76.72,89.2 5 0
QuickCertS/utils/logger.go:95.72,107.2 4 0
QuickCertS/utils/logger.go:110.52,111.15 1 1
QuickCertS/utils/logger.go:112.24,113.16 1 1
QuickCertS/utils/logger.go:114.24,115.16 1 1
QuickCertS/utils/logger.go:116.25,117.17 1 1
QuickCertS/utils/logger.go:118.25,119.17 1 1
QuickCertS/utils/logger.go:120.10,121.16 1 1
QuickCertS/utils/logger.go:126.61,127.15 1 1
QuickCertS/utils/logger.go:128.24,129.51 1 1
QuickCertS/utils/logger.go:130.24,131.52 1 1
QuickCertS/utils/logger.go:132.25,133.49 1 1
QuickCertS/utils/logger.go:134.25,135.53 1 1
QuickCertS/utils/logger.go:136.10,137.51 1 1
QuickCertS/utils/logger.go:161.45,162.64 1 0
QuickCertS/utils/logger.go:162.64,177.3 4 0
QuickCertS/utils/logger.go:177.8,194.3 5 0
QuickCertS/utils/logger.go:198.47,199.9 1 1
QuickCertS/utils/logger.go:200.45,201.16 1 1
QuickCertS/utils/logger.go:202.45,203.16 1 1
QuickCertS/utils/logger.go:204.25,205.17 1 1
QuickCertS/utils/logger.go:206.10,207.16 1 1
QuickCertS/utils/logger.go:212.58,213.9 1 1
QuickCertS/utils/logger.go:214.45,215.98 1 1
QuickCertS/utils/logger.go:216.45,217.100 1 1
QuickCertS/utils/logger.go:218.25,219.94 1 1
QuickCertS/utils/logger.go:220.10,221.98 1 1
QuickCertS/utils/reader.go:8.43,13.16 4 1
QuickCertS/utils/reader.go:13.16,15.3 1 0
QuickCertS/utils/reader.go:17.2,17.13 1 1
QuickCertS/utils/reader.go:17.13,19.3 1 1
QuickCertS/utils/reader.go:21.2,21.18 1 1
QuickCertS/utils/time_tools.go:10.68,14.14 3 1
QuickCertS/utils/time_tools.go:15.13,16.28 1 1
QuickCertS/utils/time_tools.go:17.14,18.23 1 1
QuickCertS/utils/time_tools.go:19.16,20.25 1 1
QuickCertS/utils/time_tools.go:21.16,22.25 1 1
QuickCertS/utils/time_tools.go:23.21,24.30 1 1
QuickCertS/utils/time_tools.go:25.10,26.99 1 1
QuickCertS/utils/time_tools.go:29.2,29.22 1 1
QuickCertS/utils/validator.go:11.60,14.39 2 1
QuickCertS/utils/validator.go:14.39,18.62 3 1
QuickCertS/utils/validator.go:18.62,20.4 1 1
QuickCertS/utils/validator.go:23.2,23.13 1 1
QuickCertS/utils/validator.go:27.44,31.16 3 1
QuickCertS/utils/validator.go:31.16,33.3 1 0
QuickCertS/utils/validator.go:35.2,35.18 1 1
QuickCertS/utils/validator.go:39.55,43.19 3 1
QuickCertS/utils/validator.go:43.19,45.17 2 1
QuickCertS/utils/validator.go:45.17,47.4 1 0
QuickCertS/utils/validator.go:48.3,48.38 1 1
QuickCertS/utils/validator.go:51.2,51.23 1 1
QuickCertS/utils/validator.go:55.58,56.32 1 1
QuickCertS/utils/validator.go:56.32,57.21 1 1
QuickCertS/utils/validator.go:57.21,59.4 1 1
QuickCertS/utils/validator.go:61.2,61.14 1 1
QuickCertS/data/cache_layer.go:16.19,25.16 3 0
QuickCertS/data/cache_layer.go:25.16,27.3 1 0
QuickCertS/data/cache_layer.go:29.2,29.65 1 0
QuickCertS/data/cache_layer.go:33.22,34.16 1 0
QuickCertS/data/cache_layer.go:34.16,37.3 2 0
QuickCertS/data/cache_layer.go:39.2,40.68 2 0
QuickCertS/data/cache_layer.go:44.61,45.16 1 0
QuickCertS/data/cache_layer.go:45.16,47.3 1 0
QuickCertS/data/cache_layer.go:49.2,50.16 2 0
QuickCertS/data/cache_layer.go:50.16,52.3 1 0
QuickCertS/data/cache_layer.go:54.2,54.12 1 0
QuickCertS/data/cache_layer.go:58.63,59.16 1 0
QuickCertS/data/cache_layer.go:59.16,61.3 1 0
QuickCertS/data/cache_layer.go:63.2,64.16 2 0
QuickCertS/data/cache_layer.go:64.16,66.3 1 0
QuickCertS/data/cache_layer.go:68.2,68.17 1 0
QuickCertS/data/controller.go:20.24,26.16 4 1
QuickCertS/data/controller.go:26.16,29.3 2 0
QuickCertS/data/controller.go:31.2,33.16 2 1
QuickCertS/data/controller.go:33.16,36.3 2 1
QuickCertS/data/controller.go:38.2,38.12 1 1
QuickCertS/data/controller.go:42.27,43.15 1 1
QuickCertS/data/controller.go:43.15,45.3 1 1
QuickCertS/data/controller.go:47.2,49.12 3 1
QuickCertS/data/controller.go:53.32,54.15 1 1
QuickCertS/data/controller.go:54.15,56.3 1 1
QuickCertS/data/controller.go:58.2,59.16 2 1
QuickCertS/data/controller.go:59.16,61.3 1 0
QuickCertS/data/controller.go:63.2,66.16 3 1
QuickCertS/data/controller.go:66.16,67.53 1 1
QuickCertS/data/controller.go:67.53,69.4 1 1
QuickCertS/data/controller.go:70.3,70.13 1 0
QuickCertS/data/controller.go:73.2,73.12 1 1
QuickCertS/data/controller.go:77.39,78.15 1 1
QuickCertS/data/controller.go:78.15,80.3 1 1
QuickCertS/data/controller.go:82.2,84.28 2 1
QuickCertS/data/controller.go:84.28,86.3 1 1
QuickCertS/data/controller.go:88.2,91.16 3 1
QuickCertS/data/controller.go:91.16,92.53 1 1
QuickCertS/data/controller.go:92.53,94.4 1 1
QuickCertS/data/controller.go:95.3,95.13 1 0
QuickCertS/data/controller.go:98.2,98.12 1 1
QuickCertS/data/controller.go:102.41,103.15 1 1
QuickCertS/data/controller.go:103.15,105.3 1 1
QuickCertS/data/controller.go:107.2,111.13 4 1
QuickCertS/data/controller.go:111.13,113.3 1 1
QuickCertS/data/controller.go:115.2,115.16 1 1
QuickCertS/data/controller.go:115.16,117.3 1 0
QuickCertS/data/controller.go:119.2,119.20 1 1
QuickCertS/data/controller.go:123.49,124.15 1 1
QuickCertS/data/controller.go:124.15,126.3 1 1
QuickCertS/data/controller.go:128.2,135.16 2 1
QuickCertS/data/controller.go:135.16,137.3 1 0
QuickCertS/data/controller.go:139.2,142.16 3 1
QuickCertS/data/controller.go:142.16,144.3 1 0
QuickCertS/data/controller.go:146.2,148.16 2 1
QuickCertS/data/controller.go:148.16,150.3 1 0
QuickCertS/data/controller.go:152.2,152.16 1 1
QuickCertS/data/controller.go:152.16,154.3 1 1
QuickCertS/data/controller.go:156.2,156.12 1 1
QuickCertS/data/controller.go:162.63,163.15 1 1
QuickCertS/data/controller.go:163.15,165.3 1 0
QuickCertS/data/controller.go:167.2,172.26 4 1
QuickCertS/data/controller.go:172.26,174.3 1 0
QuickCertS/data/controller.go:174.8,174.23 1 1
QuickCertS/data/controller.go:174.23,176.3 1 0
QuickCertS/data/controller.go:178.2,180.22 2 1
QuickCertS/data/controller.go:180.22,182.3 1 0
QuickCertS/data/controller.go:183.2,183.26 1 1
QuickCertS/data/controller.go:187.52,188.15 1 1
QuickCertS/data/controller.go:188.15,190.3 1 1
QuickCertS/data/controller.go:192.2,193.16 2 1
QuickCertS/data/controller.go:193.16,195.3 1 0
QuickCertS/data/controller.go:197.2,200.16 3 1
QuickCertS/data/controller.go:200.16,202.3 1 0
QuickCertS/data/controller.go:204.2,207.16 3 1
QuickCertS/data/controller.go:207.16,209.3 1 0
QuickCertS/data/controller.go:211.2,213.22 2 1
QuickCertS/data/controller.go:217.42,218.15 1 1
QuickCertS/data/controller.go:218.15,220.3 1 1
QuickCertS/data/controller.go:222.2,225.16 3 1
QuickCertS/data/controller.go:225.16,228.3 2 0
QuickCertS/data/controller.go:230.2,234.18 3 1
QuickCertS/data/controller.go:234.18,238.74 4 1
QuickCertS/data/controller.go:238.74,240.4 1 0
QuickCertS/data/controller.go:242.3,244.30 3 1
QuickCertS/data/controller.go:247.2,247.35 1 1
QuickCertS/data/controller.go:247.35,249.3 1 0
QuickCertS/data/controller.go:251.2,251.19 1 1
QuickCertS/data/controller.go:255.41,256.15 1 1
QuickCertS/data/controller.go:256.15,258.3 1 1
QuickCertS/data/controller.go:260.2,263.16 3 1
QuickCertS/data/controller.go:263.16,266.3 2 0
QuickCertS/data/controller.go:268.2,272.18 3 1
QuickCertS/data/controller.go:272.18,274.40 2 1
QuickCertS/data/controller.go:274.40,276.4 1 0
QuickCertS/data/controller.go:278.3,278.24 1 1
QuickCertS/data/controller.go:281.2,281.35 1 1
QuickCertS/data/controller.go:281.35,283.3 1 0
QuickCertS/data/controller.go:285.2,285.17 1 1
QuickCertS/data/controller.go:289.51,290.15 1 1
QuickCertS/data/controller.go:290.15,292.3 1 1
QuickCertS/data/controller.go:294.2,295.16 2 1
QuickCertS/data/controller.go:295.16,297.3 1 0
QuickCertS/data/controller.go:299.2,302.16 3 1
QuickCertS/data/controller.go:302.16,304.3 1 0
QuickCertS/data/controller.go:306.2,307.16 2 1
QuickCertS/data/controller.go:307.16,309.3 1 0
QuickCertS/data/controller.go:311.2,311.23 1 1
QuickCertS/data/controller.go:311.23,313.3 1 1
QuickCertS/data/controller.go:315.2,315.12 1 1
