mode: set
QuickCertS/configs/local_share.go:64.13,65.18 1 1
QuickCertS/configs/local_share.go:65.18,66.41 1 1
QuickCertS/configs/local_share.go:66.41,69.10 2 0
QuickCertS/configs/local_share.go:74.5,76.87 2 1
QuickCertS/configs/local_share.go:76.87,77.19 1 0
QuickCertS/configs/local_share.go:80.5,80.85 1 1
QuickCertS/configs/local_share.go:80.85,81.19 1 0
QuickCertS/configs/local_share.go:84.5,84.88 1 1
QuickCertS/configs/local_share.go:84.88,85.19 1 0
QuickCertS/configs/local_share.go:88.5,88.85 1 1
QuickCertS/configs/local_share.go:88.85,89.19 1 0
QuickCertS/configs/local_share.go:92.5,92.16 1 1
QuickCertS/configs/local_share.go:92.16,94.6 1 1
QuickCertS/configs/local_share.go:95.5,95.17 1 1
QuickCertS/configs/local_share.go:98.31,99.80 1 1
QuickCertS/configs/local_share.go:99.80,100.80 1 1
QuickCertS/configs/local_share.go:104.30,105.45 1 1
QuickCertS/configs/local_share.go:105.45,106.79 1 1
QuickCertS/configs/local_share.go:110.34,111.67 1 1
QuickCertS/configs/local_share.go:112.56,112.56 0 1
QuickCertS/configs/local_share.go:113.17,114.102 1 1
QuickCertS/configs/local_share.go:118.33,119.49 1 1
QuickCertS/configs/local_share.go:119.49,120.75 1 1
QuickCertS/configs/local_share.go:124.37,125.70 1 1
QuickCertS/configs/local_share.go:126.38,126.38 0 1
QuickCertS/configs/local_share.go:127.17,128.102 1 1
QuickCertS/configs/local_share.go:132.23,133.39 1 1
QuickCertS/configs/local_share.go:133.39,134.65 1 1
QuickCertS/configs/local_share.go:138.29,139.45 1 1
QuickCertS/configs/local_share.go:139.45,140.71 1 1
QuickCertS/configs/local_share.go:144.25,145.57 1 1
QuickCertS/configs/local_share.go:146.48,146.48 0 1
QuickCertS/configs/local_share.go:147.17,148.110 1 1
QuickCertS/configs/local_share.go:152.29,153.37 1 1
QuickCertS/configs/local_share.go:153.37,154.64 1 1
QuickCertS/configs/local_share.go:158.33,159.58 1 1
QuickCertS/configs/local_share.go:160.48,160.48 0 1
QuickCertS/configs/local_share.go:161.17,162.99 1 1
QuickCertS/configs/local_share.go:166.19,177.2 10 1
QuickCertS/configs/local_share.go:180.28,181.57 1 1
QuickCertS/configs/local_share.go:181.57,183.6 1 0
QuickCertS/configs/local_share.go:185.5,185.9 1 1
QuickCertS/configs/local_share.go:185.9,186.61 1 1
QuickCertS/configs/local_share.go:186.61,187.18 1 1
QuickCertS/configs/local_share.go:190.9,190.46 1 1
QuickCertS/configs/local_share.go:190.46,191.64 1 0
QuickCertS/configs/local_share.go:194.9,195.23 2 1
QuickCertS/configs/local_share.go:195.23,196.64 1 0
QuickCertS/configs/local_share.go:199.9,199.24 1 1
QuickCertS/configs/local_share.go:199.24,200.46 1 0
QuickCertS/configs/local_share.go:204.5,206.16 3 1
QuickCertS/utils/control.go:12.43,20.48 7 1
QuickCertS/utils/control.go:20.48,22.6 1 0
QuickCertS/utils/control.go:24.5,24.55 1 0
QuickCertS/utils/control.go:28.28,29.57 1 1
QuickCertS/utils/control.go:29.57,31.6 1 0
QuickCertS/utils/control.go:33.5,33.9 1 1
QuickCertS/utils/control.go:33.9,34.61 1 1
QuickCertS/utils/control.go:34.61,35.18 1 1
QuickCertS/utils/control.go:38.9,38.46 1 1
QuickCertS/utils/control.go:38.46,39.64 1 0
QuickCertS/utils/control.go:42.9,43.23 2 1
QuickCertS/utils/control.go:43.23,44.64 1 0
QuickCertS/utils/control.go:47.9,47.24 1 1
QuickCertS/utils/control.go:47.24,48.46 1 0
QuickCertS/utils/control.go:52.5,54.16 3 1
QuickCertS/utils/key_tools.go:22.13,25.19 3 1
QuickCertS/utils/key_tools.go:25.19,26.60 1 0
QuickCertS/utils/key_tools.go:31.35,34.19 3 1
QuickCertS/utils/key_tools.go:34.19,36.6 1 0
QuickCertS/utils/key_tools.go:37.5,41.116 4 1
QuickCertS/utils/key_tools.go:46.47,50.19 3 1
QuickCertS/utils/key_tools.go:50.19,52.6 1 0
QuickCertS/utils/key_tools.go:54.5,56.20 3 1
QuickCertS/utils/key_tools.go:60.50,63.19 2 1
QuickCertS/utils/key_tools.go:63.19,65.6 1 0
QuickCertS/utils/key_tools.go:67.5,69.19 2 1
QuickCertS/utils/key_tools.go:69.19,71.6 1 0
QuickCertS/utils/key_tools.go:73.5,73.25 1 1
QuickCertS/utils/key_tools.go:77.69,79.21 2 1
QuickCertS/utils/key_tools.go:79.21,81.6 1 0
QuickCertS/utils/key_tools.go:83.5,84.19 2 1
QuickCertS/utils/key_tools.go:84.19,86.6 1 0
QuickCertS/utils/key_tools.go:88.5,89.12 2 1
QuickCertS/utils/key_tools.go:89.12,91.6 1 0
QuickCertS/utils/key_tools.go:93.5,93.27 1 1
QuickCertS/utils/key_tools.go:97.87,98.40 1 1
QuickCertS/utils/key_tools.go:99.24,101.42 2 1
QuickCertS/utils/key_tools.go:102.24,104.42 2 1
QuickCertS/utils/key_tools.go:105.24,107.42 2 1
QuickCertS/utils/key_tools.go:108.25,111.52 3 1
QuickCertS/utils/key_tools.go:112.25,115.52 3 1
QuickCertS/utils/key_tools.go:116.25,119.52 3 1
QuickCertS/utils/key_tools.go:120.17,123.42 2 1
QuickCertS/utils/key_tools.go:128.94,138.19 4 1
QuickCertS/utils/key_tools.go:138.19,140.6 1 0
QuickCertS/utils/key_tools.go:142.5,142.26 1 1
QuickCertS/utils/logger.go:23.19,27.19 3 0
QuickCertS/utils/logger.go:27.19,29.6 1 0
QuickCertS/utils/logger.go:31.5,38.19 2 0
QuickCertS/utils/logger.go:38.19,40.6 1 0
QuickCertS/utils/logger.go:42.5,44.61 2 0
QuickCertS/utils/logger.go:45.21,52.14 1 0
QuickCertS/utils/logger.go:53.21,54.24 1 0
QuickCertS/utils/logger.go:55.17,62.14 1 0
QuickCertS/utils/logger.go:65.5,69.6 1 0
QuickCertS/utils/logger.go:76.72,89.2 5 0
QuickCertS/utils/logger.go:95.72,107.2 4 0
QuickCertS/utils/logger.go:110.52,111.18 1 1
QuickCertS/utils/logger.go:112.31,113.26 1 1
QuickCertS/utils/logger.go:114.31,115.26 1 1
QuickCertS/utils/logger.go:116.32,117.27 1 1
QuickCertS/utils/logger.go:118.32,119.27 1 1
QuickCertS/utils/logger.go:120.17,121.26 1 1
QuickCertS/utils/logger.go:126.61,127.18 1 1
QuickCertS/utils/logger.go:128.31,129.61 1 1
QuickCertS/utils/logger.go:130.31,131.62 1 1
QuickCertS/utils/logger.go:132.32,133.59 1 1
QuickCertS/utils/logger.go:134.32,135.63 1 1
QuickCertS/utils/logger.go:136.17,137.61 1 1
QuickCertS/utils/logger.go:161.45,162.67 1 0
QuickCertS/utils/logger.go:162.67,177.6 4 0
QuickCertS/utils/logger.go:177.11,194.6 5 0
QuickCertS/utils/logger.go:198.47,199.12 1 1
QuickCertS/utils/logger.go:200.52,201.26 1 1
QuickCertS/utils/logger.go:202.52,203.26 1 1
QuickCertS/utils/logger.go:204.32,205.26 1 1
QuickCertS/utils/logger.go:206.17,207.26 1 1
QuickCertS/utils/logger.go:212.58,213.12 1 0
QuickCertS/utils/logger.go:214.52,215.108 1 0
QuickCertS/utils/logger.go:216.52,217.110 1 0
QuickCertS/utils/logger.go:218.32,219.104 1 0
QuickCertS/utils/logger.go:220.17,221.108 1 0
QuickCertS/utils/reader.go:8.43,13.19 4 1
QuickCertS/utils/reader.go:13.19,15.6 1 0
QuickCertS/utils/reader.go:17.5,17.16 1 1
QuickCertS/utils/reader.go:17.16,19.6 1 1
QuickCertS/utils/reader.go:21.5,21.21 1 1
QuickCertS/utils/time_tools.go:10.68,14.17 3 1
QuickCertS/utils/time_tools.go:15.20,16.38 1 1
QuickCertS/utils/time_tools.go:17.21,18.33 1 1
QuickCertS/utils/time_tools.go:19.23,20.35 1 1
QuickCertS/utils/time_tools.go:21.23,22.35 1 1
QuickCertS/utils/time_tools.go:23.28,24.40 1 1
QuickCertS/utils/time_tools.go:25.17,26.109 1 1
QuickCertS/utils/time_tools.go:29.5,29.25 1 1
QuickCertS/utils/validator.go:11.60,14.42 2 1
QuickCertS/utils/validator.go:14.42,18.68 3 1
QuickCertS/utils/validator.go:18.68,20.10 1 1
QuickCertS/utils/validator.go:23.5,23.16 1 1
QuickCertS/utils/validator.go:27.44,31.19 3 1
QuickCertS/utils/validator.go:31.19,33.6 1 0
QuickCertS/utils/validator.go:35.5,35.21 1 1
QuickCertS/utils/validator.go:39.55,43.22 3 1
QuickCertS/utils/validator.go:43.22,45.23 2 1
QuickCertS/utils/validator.go:45.23,47.10 1 0
QuickCertS/utils/validator.go:48.9,48.44 1 1
QuickCertS/utils/validator.go:51.5,51.26 1 1
QuickCertS/utils/validator.go:55.58,56.35 1 1
QuickCertS/utils/validator.go:56.35,57.27 1 1
QuickCertS/utils/validator.go:57.27,59.10 1 1
QuickCertS/utils/validator.go:61.5,61.17 1 1
